2022-10-15 07:38:57.5201 INFO User profile is available. Using 'C:\Users\Sudhanshu\AppData\Local\ASP.NET\DataProtection-Keys' as key repository and Windows DPAPI to encrypt keys at rest.
2022-10-15 07:38:58.7356 INFO Application started. Press Ctrl+C to shut down.
2022-10-15 07:38:58.8060 INFO Hosting environment: Development
2022-10-15 07:38:58.8086 INFO Content root path: C:\RFP\C_sharp\FunDooNoteApplication\FunDooNoteApplication
2022-10-15 07:38:58.8521 INFO Request starting HTTP/2.0 GET https://localhost:44391/swagger/index.html  
2022-10-15 07:39:00.1365 INFO Request finished in 1288.2445ms 200 text/html;charset=utf-8
2022-10-15 07:39:00.2201 INFO Request starting HTTP/2.0 GET https://localhost:44391/_vs/browserLink  
2022-10-15 07:39:00.2201 INFO Request starting HTTP/2.0 GET https://localhost:44391/_framework/aspnetcore-browser-refresh.js  
2022-10-15 07:39:00.3942 INFO Request finished in 173.9526ms 200 application/javascript; charset=utf-8
2022-10-15 07:39:00.7106 INFO Request finished in 490.117ms 200 text/javascript; charset=UTF-8
2022-10-15 07:39:00.8779 INFO Request starting HTTP/2.0 GET https://localhost:44391/swagger/v1/swagger.json  
2022-10-15 07:39:01.5060 INFO Request finished in 628.049ms 200 application/json;charset=utf-8
2022-10-15 07:39:11.9556 INFO Request starting HTTP/2.0 POST https://localhost:44391/api/User/Login application/json 47
2022-10-15 07:39:12.3936 INFO Executing endpoint 'FunDooNoteApplication.Controllers.UserController.UserLogin (FunDooNoteApplication)'
2022-10-15 07:39:12.5607 INFO Route matched with {action = "UserLogin", controller = "User"}. Executing controller action with signature Microsoft.AspNetCore.Mvc.IActionResult UserLogin(CommonLayer.Model.UserLogin) on controller FunDooNoteApplication.Controllers.UserController (FunDooNoteApplication).
2022-10-15 07:39:15.8278 INFO Entity Framework Core 3.1.0 initialized 'Fundoocontext' using provider 'Microsoft.EntityFrameworkCore.SqlServer' with options: None
2022-10-15 07:39:18.4163 INFO Executed DbCommand (236ms) [Parameters=[@__userlogin_Email_0='?' (Size = 4000)], CommandType='Text', CommandTimeout='30']
SELECT TOP(1) [u].[UserId], [u].[Email], [u].[FirstName], [u].[LastName], [u].[Password]
FROM [UserTable] AS [u]
WHERE [u].[Email] = @__userlogin_Email_0
2022-10-15 07:50:23.9885 INFO User profile is available. Using 'C:\Users\Sudhanshu\AppData\Local\ASP.NET\DataProtection-Keys' as key repository and Windows DPAPI to encrypt keys at rest.
2022-10-15 07:50:25.0802 INFO Application started. Press Ctrl+C to shut down.
2022-10-15 07:50:25.1623 INFO Hosting environment: Development
2022-10-15 07:50:25.1623 INFO Content root path: C:\RFP\C_sharp\FunDooNoteApplication\FunDooNoteApplication
2022-10-15 07:50:25.2483 INFO Request starting HTTP/2.0 GET https://localhost:44391/swagger/index.html  
2022-10-15 07:50:26.0018 INFO Request finished in 778.142ms 200 text/html;charset=utf-8
2022-10-15 07:50:26.0181 INFO Request starting HTTP/2.0 GET https://localhost:44391/_framework/aspnetcore-browser-refresh.js  
2022-10-15 07:50:26.0454 INFO Request starting HTTP/2.0 GET https://localhost:44391/_vs/browserLink  
2022-10-15 07:50:26.0454 INFO Request finished in 32.1663ms 200 application/javascript; charset=utf-8
2022-10-15 07:50:26.1802 INFO Request finished in 134.6888ms 200 text/javascript; charset=UTF-8
2022-10-15 07:50:26.3161 INFO Request starting HTTP/2.0 GET https://localhost:44391/swagger/v1/swagger.json  
2022-10-15 07:50:26.6481 INFO Request finished in 331.976ms 200 application/json;charset=utf-8
2022-10-15 07:50:38.0679 INFO Request starting HTTP/2.0 POST https://localhost:44391/api/User/Login application/json 47
2022-10-15 07:50:38.4197 INFO Executing endpoint 'FunDooNoteApplication.Controllers.UserController.UserLogin (FunDooNoteApplication)'
2022-10-15 07:50:38.5625 INFO Route matched with {action = "UserLogin", controller = "User"}. Executing controller action with signature Microsoft.AspNetCore.Mvc.IActionResult UserLogin(CommonLayer.Model.UserLogin) on controller FunDooNoteApplication.Controllers.UserController (FunDooNoteApplication).
2022-10-15 07:50:41.0760 INFO Entity Framework Core 3.1.0 initialized 'Fundoocontext' using provider 'Microsoft.EntityFrameworkCore.SqlServer' with options: None
2022-10-15 07:50:44.7446 INFO Executed DbCommand (213ms) [Parameters=[@__userlogin_Email_0='?' (Size = 4000)], CommandType='Text', CommandTimeout='30']
SELECT TOP(1) [u].[UserId], [u].[Email], [u].[FirstName], [u].[LastName], [u].[Password]
FROM [UserTable] AS [u]
WHERE [u].[Email] = @__userlogin_Email_0
2022-10-15 07:55:52.6416 INFO User profile is available. Using 'C:\Users\Sudhanshu\AppData\Local\ASP.NET\DataProtection-Keys' as key repository and Windows DPAPI to encrypt keys at rest.
2022-10-15 07:55:53.4890 INFO Application started. Press Ctrl+C to shut down.
2022-10-15 07:55:53.5158 INFO Hosting environment: Development
2022-10-15 07:55:53.5158 INFO Content root path: C:\RFP\C_sharp\FunDooNoteApplication\FunDooNoteApplication
2022-10-15 07:55:53.5984 INFO Request starting HTTP/2.0 GET https://localhost:44391/swagger/index.html  
2022-10-15 07:55:54.3327 INFO Request finished in 739.127ms 200 text/html;charset=utf-8
2022-10-15 07:55:54.3327 INFO Request starting HTTP/2.0 GET https://localhost:44391/_framework/aspnetcore-browser-refresh.js  
2022-10-15 07:55:54.3492 INFO Request starting HTTP/2.0 GET https://localhost:44391/_vs/browserLink  
2022-10-15 07:55:54.4247 INFO Request finished in 87.8905ms 200 application/javascript; charset=utf-8
2022-10-15 07:55:54.4904 INFO Request finished in 141.2467ms 200 text/javascript; charset=UTF-8
2022-10-15 07:55:54.5850 INFO Request starting HTTP/2.0 GET https://localhost:44391/swagger/v1/swagger.json  
2022-10-15 07:55:54.9372 INFO Request finished in 352.1297ms 200 application/json;charset=utf-8
2022-10-15 07:56:05.5171 INFO Request starting HTTP/2.0 POST https://localhost:44391/api/User/Login application/json 47
2022-10-15 07:56:05.9014 INFO Executing endpoint 'FunDooNoteApplication.Controllers.UserController.UserLogin (FunDooNoteApplication)'
2022-10-15 07:56:06.0184 INFO Route matched with {action = "UserLogin", controller = "User"}. Executing controller action with signature Microsoft.AspNetCore.Mvc.IActionResult UserLogin(CommonLayer.Model.UserLogin) on controller FunDooNoteApplication.Controllers.UserController (FunDooNoteApplication).
2022-10-15 07:56:08.4757 INFO Entity Framework Core 3.1.0 initialized 'Fundoocontext' using provider 'Microsoft.EntityFrameworkCore.SqlServer' with options: None
2022-10-15 07:56:11.8463 INFO Executed DbCommand (202ms) [Parameters=[@__userlogin_Email_0='?' (Size = 4000)], CommandType='Text', CommandTimeout='30']
SELECT TOP(1) [u].[UserId], [u].[Email], [u].[FirstName], [u].[LastName], [u].[Password]
FROM [UserTable] AS [u]
WHERE [u].[Email] = @__userlogin_Email_0
2022-10-15 07:56:12.7146 INFO User exists in Db
2022-10-15 07:56:12.7290 INFO Executing ObjectResult, writing value of type '<>f__AnonymousType2`3[[System.Boolean, System.Private.CoreLib, Version=4.0.0.0, Culture=neutral, PublicKeyToken=7cec85d7bea7798e],[System.String, System.Private.CoreLib, Version=4.0.0.0, Culture=neutral, PublicKeyToken=7cec85d7bea7798e],[System.String, System.Private.CoreLib, Version=4.0.0.0, Culture=neutral, PublicKeyToken=7cec85d7bea7798e]]'.
2022-10-15 07:56:12.7506 INFO Executed action FunDooNoteApplication.Controllers.UserController.UserLogin (FunDooNoteApplication) in 6721.9165ms
2022-10-15 07:56:12.7506 INFO Executed endpoint 'FunDooNoteApplication.Controllers.UserController.UserLogin (FunDooNoteApplication)'
2022-10-15 07:56:12.7506 INFO Request finished in 7255.8326ms 200 application/json; charset=utf-8
2022-10-15 07:57:03.3318 INFO Request starting HTTP/2.0 GET https://localhost:44391/api/Collab/GetAllCollab  
2022-10-15 07:57:03.6589 INFO Successfully validated the token.
2022-10-15 07:57:03.6784 INFO Authorization was successful.
2022-10-15 07:57:03.6932 INFO Executing endpoint 'FunDooNoteApplication.Controllers.CollabController.GetAllCollab (FunDooNoteApplication)'
2022-10-15 07:57:03.6932 INFO Route matched with {action = "GetAllCollab", controller = "Collab"}. Executing controller action with signature System.Collections.Generic.List`1[RepositoryLayer.Entities.CollabEntity] GetAllCollab() on controller FunDooNoteApplication.Controllers.CollabController (FunDooNoteApplication).
2022-10-15 07:57:03.8255 INFO Entity Framework Core 3.1.0 initialized 'Fundoocontext' using provider 'Microsoft.EntityFrameworkCore.SqlServer' with options: None
2022-10-15 07:57:03.8722 INFO Executed DbCommand (20ms) [Parameters=[@__UserId_0='?' (DbType = Int64)], CommandType='Text', CommandTimeout='30']
SELECT [c].[CollabId], [c].[CollabEmail], [c].[NoteId], [c].[UserId]
FROM [CollabTable] AS [c]
WHERE [c].[UserId] = @__UserId_0
2022-10-15 07:57:03.8722 INFO Note Id and email are matched in Db for getting all Collab
2022-10-15 07:57:03.8722 INFO Executing ObjectResult, writing value of type 'System.Collections.Generic.List`1[[RepositoryLayer.Entities.CollabEntity, RepositoryLayer, Version=1.0.0.0, Culture=neutral, PublicKeyToken=null]]'.
2022-10-15 07:57:03.8896 INFO Executed action FunDooNoteApplication.Controllers.CollabController.GetAllCollab (FunDooNoteApplication) in 187.3351ms
2022-10-15 07:57:03.8896 INFO Executed endpoint 'FunDooNoteApplication.Controllers.CollabController.GetAllCollab (FunDooNoteApplication)'
2022-10-15 07:57:03.8896 INFO Request finished in 560.5659ms 200 application/json; charset=utf-8
2022-10-15 07:57:30.5389 INFO Request starting HTTP/2.0 GET https://localhost:44391/api/Collab/Redis  
2022-10-15 07:57:30.5909 INFO Successfully validated the token.
2022-10-15 07:57:30.5909 INFO Authorization was successful.
2022-10-15 07:57:30.5909 INFO Executing endpoint 'FunDooNoteApplication.Controllers.CollabController.GetAllCollabUsingRedisCache (FunDooNoteApplication)'
2022-10-15 07:57:30.6334 INFO Route matched with {action = "GetAllCollabUsingRedisCache", controller = "Collab"}. Executing controller action with signature System.Threading.Tasks.Task`1[Microsoft.AspNetCore.Mvc.IActionResult] GetAllCollabUsingRedisCache() on controller FunDooNoteApplication.Controllers.CollabController (FunDooNoteApplication).
2022-10-15 07:57:31.8007 INFO Entity Framework Core 3.1.0 initialized 'Fundoocontext' using provider 'Microsoft.EntityFrameworkCore.SqlServer' with options: None
2022-10-15 07:57:31.9433 INFO Executed DbCommand (76ms) [Parameters=[], CommandType='Text', CommandTimeout='30']
SELECT [c].[CollabId], [c].[CollabEmail], [c].[NoteId], [c].[UserId]
FROM [CollabTable] AS [c]
2022-10-15 07:57:32.4223 INFO Executing ObjectResult, writing value of type 'System.Collections.Generic.List`1[[RepositoryLayer.Entities.CollabEntity, RepositoryLayer, Version=1.0.0.0, Culture=neutral, PublicKeyToken=null]]'.
2022-10-15 07:57:32.4223 INFO Executed action FunDooNoteApplication.Controllers.CollabController.GetAllCollabUsingRedisCache (FunDooNoteApplication) in 1796.463ms
2022-10-15 07:57:32.4411 INFO Executed endpoint 'FunDooNoteApplication.Controllers.CollabController.GetAllCollabUsingRedisCache (FunDooNoteApplication)'
2022-10-15 07:57:32.4411 INFO Request finished in 1913.3755ms 200 application/json; charset=utf-8
2022-10-15 07:59:02.1905 INFO Request starting HTTP/2.0 POST https://localhost:44391/api/User/Register application/json 100
2022-10-15 07:59:02.2156 INFO Successfully validated the token.
2022-10-15 07:59:02.2199 INFO Executing endpoint 'FunDooNoteApplication.Controllers.UserController.UserRegistration (FunDooNoteApplication)'
2022-10-15 07:59:02.2614 INFO Route matched with {action = "UserRegistration", controller = "User"}. Executing controller action with signature Microsoft.AspNetCore.Mvc.IActionResult UserRegistration(CommonLayer.Model.UserRegistration) on controller FunDooNoteApplication.Controllers.UserController (FunDooNoteApplication).
2022-10-15 07:59:02.3525 INFO Entity Framework Core 3.1.0 initialized 'Fundoocontext' using provider 'Microsoft.EntityFrameworkCore.SqlServer' with options: None
2022-10-15 07:59:02.7862 INFO Executed DbCommand (11ms) [Parameters=[@p0='?' (Size = 4000), @p1='?' (Size = 4000), @p2='?' (Size = 4000), @p3='?' (Size = 4000)], CommandType='Text', CommandTimeout='30']
SET NOCOUNT ON;
INSERT INTO [UserTable] ([Email], [FirstName], [LastName], [Password])
VALUES (@p0, @p1, @p2, @p3);
SELECT [UserId]
FROM [UserTable]
WHERE @@ROWCOUNT = 1 AND [UserId] = scope_identity();
2022-10-15 07:59:02.9123 INFO Executing ObjectResult, writing value of type '<>f__AnonymousType2`3[[System.Boolean, System.Private.CoreLib, Version=4.0.0.0, Culture=neutral, PublicKeyToken=7cec85d7bea7798e],[System.String, System.Private.CoreLib, Version=4.0.0.0, Culture=neutral, PublicKeyToken=7cec85d7bea7798e],[RepositoryLayer.Entities.UserEntity, RepositoryLayer, Version=1.0.0.0, Culture=neutral, PublicKeyToken=null]]'.
2022-10-15 07:59:02.9259 INFO Executed action FunDooNoteApplication.Controllers.UserController.UserRegistration (FunDooNoteApplication) in 662.0833ms
2022-10-15 07:59:02.9259 INFO Executed endpoint 'FunDooNoteApplication.Controllers.UserController.UserRegistration (FunDooNoteApplication)'
2022-10-15 07:59:02.9259 INFO Request finished in 739.7988ms 200 application/json; charset=utf-8
2022-10-15 08:10:48.5980 INFO Request starting HTTP/2.0 GET https://localhost:44391/api/Notes/Redis  
2022-10-15 08:10:48.6684 INFO Successfully validated the token.
2022-10-15 08:10:48.6684 INFO Authorization was successful.
2022-10-15 08:10:48.6684 INFO Executing endpoint 'FunDooNoteApplication.Controllers.NotesController.GetAllNotesUsingRedisCache (FunDooNoteApplication)'
2022-10-15 08:10:48.6928 INFO Route matched with {action = "GetAllNotesUsingRedisCache", controller = "Notes"}. Executing controller action with signature System.Threading.Tasks.Task`1[Microsoft.AspNetCore.Mvc.IActionResult] GetAllNotesUsingRedisCache() on controller FunDooNoteApplication.Controllers.NotesController (FunDooNoteApplication).
2022-10-15 08:10:48.7406 INFO Entity Framework Core 3.1.0 initialized 'Fundoocontext' using provider 'Microsoft.EntityFrameworkCore.SqlServer' with options: None
2022-10-15 08:10:50.3228 INFO Executed DbCommand (28ms) [Parameters=[], CommandType='Text', CommandTimeout='30']
SELECT [n].[NoteId], [n].[Archieve], [n].[BgImage], [n].[Color], [n].[Created], [n].[Description], [n].[Edited], [n].[IsPinned], [n].[Reminder], [n].[Title], [n].[Trash], [n].[UserId]
FROM [NotesTable] AS [n]
2022-10-15 08:10:50.4786 INFO Executing ObjectResult, writing value of type 'System.Collections.Generic.List`1[[RepositoryLayer.Entities.NotesEntity, RepositoryLayer, Version=1.0.0.0, Culture=neutral, PublicKeyToken=null]]'.
2022-10-15 08:10:50.5026 INFO Executed action FunDooNoteApplication.Controllers.NotesController.GetAllNotesUsingRedisCache (FunDooNoteApplication) in 1808.5774ms
2022-10-15 08:10:50.5026 INFO Executed endpoint 'FunDooNoteApplication.Controllers.NotesController.GetAllNotesUsingRedisCache (FunDooNoteApplication)'
2022-10-15 08:10:50.5026 INFO Request finished in 1906.7328ms 200 application/json; charset=utf-8
